2014/05/18 21:49:45 [error] [exception.CException] exception 'CException' with message '属性 "AdvertModel.url" 未被定义.' in D:\wamp\www\framework\base\CComponent.php:130
Stack trace:
#0 D:\wamp\www\framework\db\ar\CActiveRecord.php(143): CComponent->__get('url')
#1 D:\wamp\www\sanrong\protected\views\common\fr.php(29): CActiveRecord->__get('url')
#2 D:\wamp\www\framework\web\CBaseController.php(126): require('D:\wamp\www\san...')
#3 D:\wamp\www\framework\web\CBaseController.php(95): CBaseController->renderInternal('D:\wamp\www\san...', NULL, true)
#4 D:\wamp\www\framework\web\CController.php(869): CBaseController->renderFile('D:\wamp\www\san...', NULL, true)
#5 D:\wamp\www\sanrong\protected\views\index\index.php(91): CController->renderPartial('../common/fr')
#6 D:\wamp\www\framework\web\CBaseController.php(126): require('D:\wamp\www\san...')
#7 D:\wamp\www\framework\web\CBaseController.php(95): CBaseController->renderInternal('D:\wamp\www\san...', Array, true)
#8 D:\wamp\www\framework\web\CController.php(869): CBaseController->renderFile('D:\wamp\www\san...', Array, true)
#9 D:\wamp\www\framework\web\CController.php(782): CController->renderPartial('index', Array, true)
#10 D:\wamp\www\sanrong\protected\controllers\IndexController.php(49): CController->render('index', Array)
#11 D:\wamp\www\framework\web\actions\CInlineAction.php(49): IndexController->actionIndex()
#12 D:\wamp\www\framework\web\CController.php(308): CInlineAction->runWithParams(Array)
#13 D:\wamp\www\framework\web\CController.php(286): CController->runAction(Object(CInlineAction))
#14 D:\wamp\www\framework\web\CController.php(265): CController->runActionWithFilters(Object(CInlineAction), Array)
#15 D:\wamp\www\framework\web\CWebApplication.php(282): CController->run('')
#16 D:\wamp\www\framework\web\CWebApplication.php(141): CWebApplication->runController('')
#17 D:\wamp\www\framework\base\CApplication.php(169): CWebApplication->processRequest()
#18 D:\wamp\www\sanrong\www\index.php(18): CApplication->run()
#19 {main}
REQUEST_URI=/sanrong/www/
---
2014/05/18 21:49:45 [error] [exception.CException] exception 'CException' with message '属性 "AdvertModel.url" 未被定义.' in D:\wamp\www\framework\base\CComponent.php:130
Stack trace:
#0 D:\wamp\www\framework\db\ar\CActiveRecord.php(143): CComponent->__get('url')
#1 D:\wamp\www\sanrong\protected\views\common\fr.php(29): CActiveRecord->__get('url')
#2 D:\wamp\www\framework\web\CBaseController.php(126): require('D:\wamp\www\san...')
#3 D:\wamp\www\framework\web\CBaseController.php(95): CBaseController->renderInternal('D:\wamp\www\san...', NULL, true)
#4 D:\wamp\www\framework\web\CController.php(869): CBaseController->renderFile('D:\wamp\www\san...', NULL, true)
#5 D:\wamp\www\sanrong\protected\views\index\index.php(91): CController->renderPartial('../common/fr')
#6 D:\wamp\www\framework\web\CBaseController.php(126): require('D:\wamp\www\san...')
#7 D:\wamp\www\framework\web\CBaseController.php(95): CBaseController->renderInternal('D:\wamp\www\san...', Array, true)
#8 D:\wamp\www\framework\web\CController.php(869): CBaseController->renderFile('D:\wamp\www\san...', Array, true)
#9 D:\wamp\www\framework\web\CController.php(782): CController->renderPartial('index', Array, true)
#10 D:\wamp\www\sanrong\protected\controllers\IndexController.php(49): CController->render('index', Array)
#11 D:\wamp\www\framework\web\actions\CInlineAction.php(49): IndexController->actionIndex()
#12 D:\wamp\www\framework\web\CController.php(308): CInlineAction->runWithParams(Array)
#13 D:\wamp\www\framework\web\CController.php(286): CController->runAction(Object(CInlineAction))
#14 D:\wamp\www\framework\web\CController.php(265): CController->runActionWithFilters(Object(CInlineAction), Array)
#15 D:\wamp\www\framework\web\CWebApplication.php(282): CController->run('')
#16 D:\wamp\www\framework\web\CWebApplication.php(141): CWebApplication->runController('')
#17 D:\wamp\www\framework\base\CApplication.php(169): CWebApplication->processRequest()
#18 D:\wamp\www\sanrong\www\index.php(18): CApplication->run()
#19 {main}
REQUEST_URI=/sanrong/www/
---
2014/05/18 21:49:45 [error] [exception.CException] exception 'CException' with message '属性 "AdvertModel.url" 未被定义.' in D:\wamp\www\framework\base\CComponent.php:130
Stack trace:
#0 D:\wamp\www\framework\db\ar\CActiveRecord.php(143): CComponent->__get('url')
#1 D:\wamp\www\sanrong\protected\views\common\fr.php(29): CActiveRecord->__get('url')
#2 D:\wamp\www\framework\web\CBaseController.php(126): require('D:\wamp\www\san...')
#3 D:\wamp\www\framework\web\CBaseController.php(95): CBaseController->renderInternal('D:\wamp\www\san...', NULL, true)
#4 D:\wamp\www\framework\web\CController.php(869): CBaseController->renderFile('D:\wamp\www\san...', NULL, true)
#5 D:\wamp\www\sanrong\protected\views\index\index.php(91): CController->renderPartial('../common/fr')
#6 D:\wamp\www\framework\web\CBaseController.php(126): require('D:\wamp\www\san...')
#7 D:\wamp\www\framework\web\CBaseController.php(95): CBaseController->renderInternal('D:\wamp\www\san...', Array, true)
#8 D:\wamp\www\framework\web\CController.php(869): CBaseController->renderFile('D:\wamp\www\san...', Array, true)
#9 D:\wamp\www\framework\web\CController.php(782): CController->renderPartial('index', Array, true)
#10 D:\wamp\www\sanrong\protected\controllers\IndexController.php(49): CController->render('index', Array)
#11 D:\wamp\www\framework\web\actions\CInlineAction.php(49): IndexController->actionIndex()
#12 D:\wamp\www\framework\web\CController.php(308): CInlineAction->runWithParams(Array)
#13 D:\wamp\www\framework\web\CController.php(286): CController->runAction(Object(CInlineAction))
#14 D:\wamp\www\framework\web\CController.php(265): CController->runActionWithFilters(Object(CInlineAction), Array)
#15 D:\wamp\www\framework\web\CWebApplication.php(282): CController->run('')
#16 D:\wamp\www\framework\web\CWebApplication.php(141): CWebApplication->runController('')
#17 D:\wamp\www\framework\base\CApplication.php(169): CWebApplication->processRequest()
#18 D:\wamp\www\sanrong\www\index.php(18): CApplication->run()
#19 {main}
REQUEST_URI=/sanrong/www/
---
2014/05/18 21:51:45 [error] [exception.CException] exception 'CException' with message '属性 "AdvertModel.url" 未被定义.' in D:\wamp\www\sanrong\framework\base\CComponent.php:130
Stack trace:
#0 D:\wamp\www\sanrong\framework\db\ar\CActiveRecord.php(143): CComponent->__get('url')
#1 D:\wamp\www\sanrong\protected\views\common\fr.php(29): CActiveRecord->__get('url')
#2 D:\wamp\www\sanrong\framework\web\CBaseController.php(126): require('D:\wamp\www\san...')
#3 D:\wamp\www\sanrong\framework\web\CBaseController.php(95): CBaseController->renderInternal('D:\wamp\www\san...', NULL, true)
#4 D:\wamp\www\sanrong\framework\web\CController.php(869): CBaseController->renderFile('D:\wamp\www\san...', NULL, true)
#5 D:\wamp\www\sanrong\protected\views\index\index.php(91): CController->renderPartial('../common/fr')
#6 D:\wamp\www\sanrong\framework\web\CBaseController.php(126): require('D:\wamp\www\san...')
#7 D:\wamp\www\sanrong\framework\web\CBaseController.php(95): CBaseController->renderInternal('D:\wamp\www\san...', Array, true)
#8 D:\wamp\www\sanrong\framework\web\CController.php(869): CBaseController->renderFile('D:\wamp\www\san...', Array, true)
#9 D:\wamp\www\sanrong\framework\web\CController.php(782): CController->renderPartial('index', Array, true)
#10 D:\wamp\www\sanrong\protected\controllers\IndexController.php(49): CController->render('index', Array)
#11 D:\wamp\www\sanrong\framework\web\actions\CInlineAction.php(49): IndexController->actionIndex()
#12 D:\wamp\www\sanrong\framework\web\CController.php(308): CInlineAction->runWithParams(Array)
#13 D:\wamp\www\sanrong\framework\web\CController.php(286): CController->runAction(Object(CInlineAction))
#14 D:\wamp\www\sanrong\framework\web\CController.php(265): CController->runActionWithFilters(Object(CInlineAction), Array)
#15 D:\wamp\www\sanrong\framework\web\CWebApplication.php(282): CController->run('')
#16 D:\wamp\www\sanrong\framework\web\CWebApplication.php(141): CWebApplication->runController('')
#17 D:\wamp\www\sanrong\framework\base\CApplication.php(169): CWebApplication->processRequest()
#18 D:\wamp\www\sanrong\www\index.php(18): CApplication->run()
#19 {main}
REQUEST_URI=/sanrong/www/
---
2014/05/18 21:51:47 [error] [exception.CException] exception 'CException' with message '属性 "AdvertModel.url" 未被定义.' in D:\wamp\www\sanrong\framework\base\CComponent.php:130
Stack trace:
#0 D:\wamp\www\sanrong\framework\db\ar\CActiveRecord.php(143): CComponent->__get('url')
#1 D:\wamp\www\sanrong\protected\views\common\fr.php(29): CActiveRecord->__get('url')
#2 D:\wamp\www\sanrong\framework\web\CBaseController.php(126): require('D:\wamp\www\san...')
#3 D:\wamp\www\sanrong\framework\web\CBaseController.php(95): CBaseController->renderInternal('D:\wamp\www\san...', NULL, true)
#4 D:\wamp\www\sanrong\framework\web\CController.php(869): CBaseController->renderFile('D:\wamp\www\san...', NULL, true)
#5 D:\wamp\www\sanrong\protected\views\index\index.php(91): CController->renderPartial('../common/fr')
#6 D:\wamp\www\sanrong\framework\web\CBaseController.php(126): require('D:\wamp\www\san...')
#7 D:\wamp\www\sanrong\framework\web\CBaseController.php(95): CBaseController->renderInternal('D:\wamp\www\san...', Array, true)
#8 D:\wamp\www\sanrong\framework\web\CController.php(869): CBaseController->renderFile('D:\wamp\www\san...', Array, true)
#9 D:\wamp\www\sanrong\framework\web\CController.php(782): CController->renderPartial('index', Array, true)
#10 D:\wamp\www\sanrong\protected\controllers\IndexController.php(49): CController->render('index', Array)
#11 D:\wamp\www\sanrong\framework\web\actions\CInlineAction.php(49): IndexController->actionIndex()
#12 D:\wamp\www\sanrong\framework\web\CController.php(308): CInlineAction->runWithParams(Array)
#13 D:\wamp\www\sanrong\framework\web\CController.php(286): CController->runAction(Object(CInlineAction))
#14 D:\wamp\www\sanrong\framework\web\CController.php(265): CController->runActionWithFilters(Object(CInlineAction), Array)
#15 D:\wamp\www\sanrong\framework\web\CWebApplication.php(282): CController->run('')
#16 D:\wamp\www\sanrong\framework\web\CWebApplication.php(141): CWebApplication->runController('')
#17 D:\wamp\www\sanrong\framework\base\CApplication.php(169): CWebApplication->processRequest()
#18 D:\wamp\www\sanrong\www\index.php(18): CApplication->run()
#19 {main}
REQUEST_URI=/sanrong/www/
---
